1689144818312	geckodriver	INFO	Listening on 127.0.0.1:41654
1689144818833	geckodriver::capabilities	DEBUG	Trying to read firefox version from ini files
1689144818840	geckodriver::capabilities	DEBUG	Found version 115.0.2
1689144818841	geckodriver::browser	DEBUG	Backing up prefs to "/var/folders/tt/y9bptv553xn6t6kqvl3yw3b1bbs5fv/T/rust_mozprofile8ohMHg/user.geckodriver_backup"
1689144818845	mozrunner::runner	INFO	Running command: MOZ_CRASHREPORTER="1" MOZ_CRASHREPORTER_NO_REPORT="1" MOZ_CRASHREPORTER_SHUTDOWN="1" MOZ_NO_REMOTE="1" "/App ... /[::1]:17948/" "-foreground" "-no-remote" "-profile" "/var/folders/tt/y9bptv553xn6t6kqvl3yw3b1bbs5fv/T/rust_mozprofile8ohMHg"
1689144818856	geckodriver::marionette	DEBUG	Waiting 60s to connect to browser on 127.0.0.1
console.warn: services.settings: Ignoring preference override of remote settings server
console.warn: services.settings: Allow by setting MOZ_REMOTE_SETTINGS_DEVTOOLS=1 in the environment
1689144832228	RemoteAgent	DEBUG	WebDriver BiDi enabled
1689144832230	RemoteAgent	DEBUG	CDP enabled
1689144832230	Marionette	INFO	Marionette enabled
1689144832232	RemoteAgent	DEBUG	Setting recommended pref apz.content_response_timeout to 60000
1689144832233	RemoteAgent	DEBUG	Setting recommended pref browser.contentblocking.introCount to 99
1689144832233	RemoteAgent	DEBUG	Setting recommended pref browser.download.panel.shown to true
1689144832233	RemoteAgent	DEBUG	Setting recommended pref browser.newtabpage.enabled to false
1689144832233	RemoteAgent	DEBUG	Setting recommended pref browser.pagethumbnails.capturing_disabled to true
1689144832233	RemoteAgent	DEBUG	Setting recommended pref browser.search.update to false
1689144832233	RemoteAgent	DEBUG	Setting recommended pref browser.startup.couldRestoreSession.count to -1
1689144832233	RemoteAgent	DEBUG	Setting recommended pref browser.tabs.closeWindowWithLastTab to false
1689144832234	RemoteAgent	DEBUG	Setting recommended pref browser.tabs.disableBackgroundZombification to false
1689144832234	RemoteAgent	DEBUG	Setting recommended pref browser.tabs.unloadOnLowMemory to false
1689144832234	RemoteAgent	DEBUG	Setting recommended pref browser.tabs.warnOnClose to false
1689144832234	RemoteAgent	DEBUG	Setting recommended pref browser.tabs.warnOnCloseOtherTabs to false
1689144832234	RemoteAgent	DEBUG	Setting recommended pref browser.tabs.warnOnOpen to false
1689144832234	RemoteAgent	DEBUG	Setting recommended pref browser.toolbars.bookmarks.visibility to never
1689144832234	RemoteAgent	DEBUG	Setting recommended pref browser.topsites.contile.enabled to false
1689144832235	RemoteAgent	DEBUG	Setting recommended pref browser.usedOnWindows10.introURL to 
1689144832235	RemoteAgent	DEBUG	Setting recommended pref browser.urlbar.merino.endpointURL to 
1689144832235	RemoteAgent	DEBUG	Setting recommended pref browser.urlbar.suggest.searches to false
1689144832235	RemoteAgent	DEBUG	Setting recommended pref datareporting.policy.dataSubmissionPolicyAccepted to false
1689144832235	RemoteAgent	DEBUG	Setting recommended pref dom.disable_open_during_load to false
1689144832235	RemoteAgent	DEBUG	Setting recommended pref dom.file.createInChild to true
1689144832235	RemoteAgent	DEBUG	Setting recommended pref dom.max_chrome_script_run_time to 0
1689144832235	RemoteAgent	DEBUG	Setting recommended pref dom.max_script_run_time to 0
1689144832235	RemoteAgent	DEBUG	Setting recommended pref dom.navigation.locationChangeRateLimit.count to 0
1689144832235	RemoteAgent	DEBUG	Setting recommended pref dom.push.connection.enabled to false
1689144832235	RemoteAgent	DEBUG	Setting recommended pref dom.screenorientation.allow-lock to true
1689144832235	RemoteAgent	DEBUG	Setting recommended pref dom.successive_dialog_time_limit to 0
1689144832235	RemoteAgent	DEBUG	Setting recommended pref extensions.getAddons.cache.enabled to false
1689144832235	RemoteAgent	DEBUG	Setting recommended pref extensions.getAddons.discovery.api_url to data:, 
1689144832235	RemoteAgent	DEBUG	Setting recommended pref network.http.phishy-userpass-length to 255
1689144832235	RemoteAgent	DEBUG	Setting recommended pref network.http.prompt-temp-redirect to false
1689144832235	RemoteAgent	DEBUG	Setting recommended pref privacy.trackingprotection.enabled to false
1689144832235	RemoteAgent	DEBUG	Setting recommended pref security.fileuri.strict_origin_policy to false
1689144832235	RemoteAgent	DEBUG	Setting recommended pref security.notification_enable_delay to 0
1689144832235	RemoteAgent	DEBUG	Setting recommended pref signon.autofillForms to false
1689144832235	RemoteAgent	DEBUG	Setting recommended pref signon.rememberSignons to false
1689144832235	RemoteAgent	DEBUG	Setting recommended pref widget.windows.window_occlusion_tracking.enabled to false
1689144832235	RemoteAgent	DEBUG	Setting recommended pref dom.disable_beforeunload to true
console.error: "Warning: unrecognized command line flag -disable-extensions\n"
console.error: "Warning: unrecognized command line flag -remote-allow-hosts\n"
console.error: "Warning: unrecognized command line flag -remote-allow-origins\n"
1689144832670	Marionette	INFO	Listening on port 55098
1689144832672	Marionette	DEBUG	Marionette is listening
WebDriver BiDi listening on ws://127.0.0.1:17948
1689144832690	RemoteAgent	DEBUG	Setting recommended pref browser.contentblocking.features.standard to -tp,tpPrivate,cookieBehavior0,-cm,-fp
1689144832690	RemoteAgent	DEBUG	Setting recommended pref network.cookie.cookieBehavior to 0
1689144832690	CDP	DEBUG	Waiting for initial application window
Read port: 55098
1689144832754	Marionette	DEBUG	Accepted connection 0 from 127.0.0.1:55099
1689144832853	geckodriver::marionette	DEBUG	Connection to Marionette established on 127.0.0.1:55098.
1689144832952	Marionette	DEBUG	0 -> [0,1,"WebDriver:NewSession",{"acceptInsecureCerts":true,"browserName":"firefox"}]
1689144832954	RemoteAgent	WARN	TLS certificate errors will be ignored for this session
1689144832955	Marionette	DEBUG	Waiting for initial application window
2023-07-12 12:23:53.242 plugin-container[81177:2684171] nil host used in call to allowsSpecificHTTPSCertificateForHost
2023-07-12 12:23:53.242 plugin-container[81177:2684171] nil host used in call to allowsAnyHTTPSCertificateForHost:
2023-07-12 12:23:53.929 plugin-container[81177:2684171] nil host used in call to allowsSpecificHTTPSCertificateForHost
2023-07-12 12:23:53.929 plugin-container[81177:2684171] nil host used in call to allowsAnyHTTPSCertificateForHost:
2023-07-12 12:23:53.930 plugin-container[81177:2684173] nil host used in call to allowsSpecificHTTPSCertificateForHost
2023-07-12 12:23:53.930 plugin-container[81177:2684173] nil host used in call to allowsAnyHTTPSCertificateForHost:
DevTools listening on ws://127.0.0.1:17948/devtools/browser/b85581ef-aa78-4f34-8eb5-daa58ba2c7e3
1689144834426	Marionette	DEBUG	0 <- [1,1,null,{"sessionId":"e8a2407f-d9a7-46dd-a063-beecf53033b4","capabilities":{"browserName":"firefox","browserVersion":"115.0.2","platformName":"mac","acceptInsecureCerts":true,"pageLoadStrategy":"normal","setWindowRect":true,"timeouts":{"implicit":0,"pageLoad":300000,"script":30000},"strictFileInteractability":false,"unhandledPromptBehavior":"dismiss and notify","moz:accessibilityChecks":false,"moz:buildID":"20230710165010","moz:debuggerAddress":"127.0.0.1:17948","moz:headless":false,"moz:platformVersion":"21.4.0","moz:processID":81156,"moz:profile":"/var/folders/tt/y9bptv553xn6t6kqvl3yw3b1bbs5fv/T/rust_mozprofile8ohMHg","moz:shutdownTimeout":60000,"moz:useNonSpecCompliantPointerOrigin":false,"moz:webdriverClick":true,"moz:windowless":false,"proxy":{}}}]
1689144834427	webdriver::server	DEBUG	<- 200 OK {"value":{"sessionId":"e8a2407f-d9a7-46dd-a063-beecf53033b4","capabilities":{"acceptInsecureCerts":true,"browserNam ... ctability":false,"timeouts":{"implicit":0,"pageLoad":300000,"script":30000},"unhandledPromptBehavior":"dismiss and notify"}}}
1689144834772	webdriver::server	DEBUG	-> POST /session/e8a2407f-d9a7-46dd-a063-beecf53033b4/url {
  "url": "https:\u002f\u002fbonigarcia.dev\u002fselenium-webdriver-java\u002f"
}
1689144834775	Marionette	DEBUG	0 -> [0,2,"WebDriver:Navigate",{"url":"https://bonigarcia.dev/selenium-webdriver-java/"}]
1689144836292	Marionette	DEBUG	0 <- [1,2,null,{"value":null}]
1689144836311	webdriver::server	DEBUG	<- 200 OK {"value":null}
1689144836374	webdriver::server	DEBUG	-> GET /session/e8a2407f-d9a7-46dd-a063-beecf53033b4/title 
1689144836374	Marionette	DEBUG	0 -> [0,3,"WebDriver:GetTitle",{}]
1689144836378	Marionette	DEBUG	0 <- [1,3,null,{"value":"Hands-On Selenium WebDriver with Java"}]
1689144836379	webdriver::server	DEBUG	<- 200 OK {"value":"Hands-On Selenium WebDriver with Java"}
1689144836645	webdriver::server	DEBUG	-> DELETE /session/e8a2407f-d9a7-46dd-a063-beecf53033b4 
1689144836645	Marionette	DEBUG	0 -> [0,4,"Marionette:Quit",{"flags":["eForceQuit"]}]
1689144836645	Marionette	INFO	Stopped listening on port 55098
1689144837006	RemoteAgent	DEBUG	Resetting recommended pref apz.content_response_timeout
1689144837006	RemoteAgent	DEBUG	Resetting recommended pref browser.contentblocking.introCount
1689144837006	RemoteAgent	DEBUG	Resetting recommended pref browser.download.panel.shown
1689144837006	RemoteAgent	DEBUG	Resetting recommended pref browser.newtabpage.enabled
1689144837009	RemoteAgent	DEBUG	Resetting recommended pref browser.pagethumbnails.capturing_disabled
1689144837009	RemoteAgent	DEBUG	Resetting recommended pref browser.search.update
1689144837009	RemoteAgent	DEBUG	Resetting recommended pref browser.startup.couldRestoreSession.count
1689144837009	RemoteAgent	DEBUG	Resetting recommended pref browser.tabs.closeWindowWithLastTab
1689144837009	RemoteAgent	DEBUG	Resetting recommended pref browser.tabs.disableBackgroundZombification
1689144837009	RemoteAgent	DEBUG	Resetting recommended pref browser.tabs.unloadOnLowMemory
1689144837009	RemoteAgent	DEBUG	Resetting recommended pref browser.tabs.warnOnClose
1689144837009	RemoteAgent	DEBUG	Resetting recommended pref browser.tabs.warnOnCloseOtherTabs
1689144837009	RemoteAgent	DEBUG	Resetting recommended pref browser.tabs.warnOnOpen
1689144837009	RemoteAgent	DEBUG	Resetting recommended pref browser.toolbars.bookmarks.visibility
1689144837010	RemoteAgent	DEBUG	Resetting recommended pref browser.topsites.contile.enabled
1689144837010	RemoteAgent	DEBUG	Resetting recommended pref browser.usedOnWindows10.introURL
1689144837010	RemoteAgent	DEBUG	Resetting recommended pref browser.urlbar.merino.endpointURL
1689144837011	RemoteAgent	DEBUG	Resetting recommended pref browser.urlbar.suggest.searches
1689144837011	RemoteAgent	DEBUG	Resetting recommended pref datareporting.policy.dataSubmissionPolicyAccepted
1689144837011	RemoteAgent	DEBUG	Resetting recommended pref dom.disable_open_during_load
1689144837011	RemoteAgent	DEBUG	Resetting recommended pref dom.file.createInChild
1689144837011	RemoteAgent	DEBUG	Resetting recommended pref dom.max_chrome_script_run_time
1689144837011	RemoteAgent	DEBUG	Resetting recommended pref dom.max_script_run_time
1689144837011	RemoteAgent	DEBUG	Resetting recommended pref dom.navigation.locationChangeRateLimit.count
1689144837012	RemoteAgent	DEBUG	Resetting recommended pref dom.push.connection.enabled
1689144837012	RemoteAgent	DEBUG	Resetting recommended pref dom.screenorientation.allow-lock
1689144837012	RemoteAgent	DEBUG	Resetting recommended pref dom.successive_dialog_time_limit
1689144837012	RemoteAgent	DEBUG	Resetting recommended pref extensions.getAddons.cache.enabled
1689144837012	RemoteAgent	DEBUG	Resetting recommended pref extensions.getAddons.discovery.api_url
1689144837013	RemoteAgent	DEBUG	Resetting recommended pref network.http.phishy-userpass-length
1689144837013	RemoteAgent	DEBUG	Resetting recommended pref network.http.prompt-temp-redirect
1689144837013	RemoteAgent	DEBUG	Resetting recommended pref privacy.trackingprotection.enabled
1689144837013	RemoteAgent	DEBUG	Resetting recommended pref security.fileuri.strict_origin_policy
1689144837013	RemoteAgent	DEBUG	Resetting recommended pref security.notification_enable_delay
1689144837013	RemoteAgent	DEBUG	Resetting recommended pref signon.autofillForms
1689144837016	RemoteAgent	DEBUG	Resetting recommended pref signon.rememberSignons
1689144837016	RemoteAgent	DEBUG	Resetting recommended pref widget.windows.window_occlusion_tracking.enabled
1689144837017	RemoteAgent	DEBUG	Resetting recommended pref dom.disable_beforeunload
1689144837017	RemoteAgent	DEBUG	Resetting recommended pref browser.contentblocking.features.standard
1689144837017	RemoteAgent	DEBUG	Resetting recommended pref network.cookie.cookieBehavior
1689144837019	Marionette	DEBUG	Marionette stopped listening
1689144837019	Marionette	DEBUG	0 <- [1,4,null,{"cause":"shutdown","forced":false,"in_app":true}]
1689144837076	RemoteAgent	DEBUG	Resetting recommended pref browser.contentblocking.features.standard
1689144837076	RemoteAgent	DEBUG	Resetting recommended pref network.cookie.cookieBehavior
1689144837077	webdriver::server	DEBUG	Teardown session
1689144837087	Marionette	DEBUG	Closed connection 0
1689144837286	geckodriver::browser	DEBUG	Browser process stopped: exit status: 0
1689144837325	webdriver::server	DEBUG	<- 200 OK {"value":null}
